<?xml version="1.0" encoding="UTF-8"?>
<testng-results ignored="0" total="1" passed="1" failed="0" skipped="0">
  <reporter-output>
  </reporter-output>
  <suite started-at="2022-10-08T02:14:58 EEST" name="Default suite" finished-at="2022-10-08T02:15:24 EEST" duration-ms="26241">
    <groups>
    </groups>
    <test started-at="2022-10-08T02:14:58 EEST" name="Default test" finished-at="2022-10-08T02:15:24 EEST" duration-ms="26241">
      <class name="Demo.Testcase1">
        <test-method is-config="true" signature="setUp()[pri:0, instance:Demo.Testcase1@6d4d66d2]" started-at="2022-10-08T02:14:58 EEST" name="setUp" finished-at="2022-10-08T02:15:05 EEST" duration-ms="7190" status="PASS">
          <reporter-output>
          </reporter-output>
        </test-method> <!-- setUp -->
        <test-method signature="testCase1()[pri:0, instance:Demo.Testcase1@6d4d66d2]" started-at="2022-10-08T02:15:05 EEST" name="testCase1" finished-at="2022-10-08T02:15:24 EEST" duration-ms="18501" status="PASS">
          <reporter-output>
          </reporter-output>
        </test-method> <!-- testCase1 -->
        <test-method is-config="true" signature="tearDown()[pri:0, instance:Demo.Testcase1@6d4d66d2]" started-at="2022-10-08T02:15:24 EEST" name="tearDown" finished-at="2022-10-08T02:15:24 EEST" duration-ms="458" status="PASS">
          <reporter-output>
          </reporter-output>
        </test-method> <!-- tearDown -->
      </class> <!-- Demo.Testcase1 -->
    </test> <!-- Default test -->
  </suite> <!-- Default suite -->
</testng-results>
